<?xml version="1.0" encoding="UTF-8"?>
<!-- Generated by org.testng.reporters.JUnitReportReporter -->
<testsuite hostname="DESKTOP-KBP020S" failures="0" tests="1" name="com.tutorialsNinja.testCases.TC_LogoutTest_003" time="2.731" errors="0" timestamp="2022-05-05T21:02:49 IST" skipped="0">
  <testcase classname="com.tutorialsNinja.testCases.TC_LogoutTest_003" name="TC_LO_005" time="2.731"/>
  <system-out/>
</testsuite> <!-- com.tutorialsNinja.testCases.TC_LogoutTest_003 -->
