<?xml version="1.0" encoding="UTF-8"?>
<!-- Generated by org.testng.reporters.JUnitReportReporter -->
<testsuite hostname="DESKTOP-KBP020S" failures="0" tests="5" name="com.tutorialsNinja.testCases.TC_ProductCompareTest_006" time="17.826" errors="0" timestamp="2022-05-17T11:30:47 IST" skipped="0">
  <testcase classname="com.tutorialsNinja.testCases.TC_ProductCompareTest_006" name="TC_PC_001" time="4.147"/>
  <system-out/>
  <testcase classname="com.tutorialsNinja.testCases.TC_ProductCompareTest_006" name="TC_PC_002" time="3.302"/>
  <system-out/>
  <testcase classname="com.tutorialsNinja.testCases.TC_ProductCompareTest_006" name="TC_PC_003" time="3.392"/>
  <system-out/>
  <testcase classname="com.tutorialsNinja.testCases.TC_ProductCompareTest_006" name="TC_PC_004" time="3.581"/>
  <system-out/>
  <testcase classname="com.tutorialsNinja.testCases.TC_ProductCompareTest_006" name="TC_PC_005" time="3.404"/>
  <system-out/>
</testsuite> <!-- com.tutorialsNinja.testCases.TC_ProductCompareTest_006 -->
