<?xml version="1.0" encoding="UTF-8"?>
<!-- Generated by org.testng.reporters.JUnitReportReporter -->
<testsuite hostname="DESKTOP-KBP020S" failures="0" tests="5" name="com.tutorialsNinja.testCases.TC_SearchTest_005" time="6.240" errors="0" timestamp="2022-05-09T11:48:44 IST" skipped="0">
  <testcase classname="com.tutorialsNinja.testCases.TC_SearchTest_005" name="TC_SF_001" time="1.581"/>
  <system-out/>
  <testcase classname="com.tutorialsNinja.testCases.TC_SearchTest_005" name="TC_SF_002" time="0.816"/>
  <system-out/>
  <testcase classname="com.tutorialsNinja.testCases.TC_SearchTest_005" name="TC_SF_003" time="0.735"/>
  <system-out/>
  <testcase classname="com.tutorialsNinja.testCases.TC_SearchTest_005" name="TC_SF_004" time="2.855"/>
  <system-out/>
  <testcase classname="com.tutorialsNinja.testCases.TC_SearchTest_005" name="TC_SF_005" time="0.253"/>
  <system-out/>
</testsuite> <!-- com.tutorialsNinja.testCases.TC_SearchTest_005 -->
