<?xml version="1.0" encoding="UTF-8"?>
<!-- Generated by org.testng.reporters.JUnitReportReporter -->
<testsuite hostname="DESKTOP-KBP020S" failures="0" tests="5" name="com.tutorialsNinja.testCases.TC_ProductDisplayTest_007" time="9.803" errors="0" timestamp="2022-05-17T11:30:47 IST" skipped="0">
  <testcase classname="com.tutorialsNinja.testCases.TC_ProductDisplayTest_007" name="TC_002_DP" time="1.983"/>
  <system-out/>
  <testcase classname="com.tutorialsNinja.testCases.TC_ProductDisplayTest_007" name="TC_003_DP" time="1.595"/>
  <system-out/>
  <testcase classname="com.tutorialsNinja.testCases.TC_ProductDisplayTest_007" name="TC_004_DP" time="1.667"/>
  <system-out/>
  <testcase classname="com.tutorialsNinja.testCases.TC_ProductDisplayTest_007" name="TC_005_DP" time="2.228"/>
  <system-out/>
  <testcase classname="com.tutorialsNinja.testCases.TC_ProductDisplayTest_007" name="TC_006_DP" time="2.330"/>
  <system-out/>
</testsuite> <!-- com.tutorialsNinja.testCases.TC_ProductDisplayTest_007 -->
