<?xml version="1.0" encoding="UTF-8"?>
<!-- Generated by org.testng.reporters.JUnitReportReporter -->
<testsuite hostname="DESKTOP-KBP020S" failures="0" tests="1" name="com.tutorialsNinja.testCases.TC_LoginTest_001" time="1.267" errors="0" timestamp="2022-05-03T15:21:31 IST" skipped="0">
  <testcase classname="com.tutorialsNinja.testCases.TC_LoginTest_001" name="loginTest" time="1.267"/>
  <system-out/>
</testsuite> <!-- com.tutorialsNinja.testCases.TC_LoginTest_001 -->
