<?xml version="1.0" encoding="UTF-8"?>
<!-- Generated by org.testng.reporters.JUnitReportReporter -->
<testsuite hostname="DESKTOP-KBP020S" failures="0" tests="2" name="com.tutorialsNinja.testCases.TC_AddToCartTest_008" time="5.618" errors="0" timestamp="2022-05-29T13:59:16 IST" skipped="0">
  <testcase classname="com.tutorialsNinja.testCases.TC_AddToCartTest_008" name="TC_ATC_001" time="3.124"/>
  <system-out/>
  <testcase classname="com.tutorialsNinja.testCases.TC_AddToCartTest_008" name="TC_ATC_002" time="2.494"/>
  <system-out/>
</testsuite> <!-- com.tutorialsNinja.testCases.TC_AddToCartTest_008 -->
